<?xml version="1.0" encoding="UTF-8"?>
<testng-results ignored="0" total="1" passed="1" failed="0" skipped="0">
  <reporter-output>
  </reporter-output>
  <suite started-at="2023-02-18T09:47:41 IST" name="Default suite" finished-at="2023-02-18T09:48:04 IST" duration-ms="23361">
    <groups>
    </groups>
    <test started-at="2023-02-18T09:47:41 IST" name="Default test" finished-at="2023-02-18T09:48:04 IST" duration-ms="23361">
      <class name="testscripts.ThirdTest">
        <test-method is-config="true" signature="classConfiguration()[pri:0, instance:testscripts.ThirdTest@dd8ba08]" started-at="2023-02-18T09:47:41 IST" name="classConfiguration" finished-at="2023-02-18T09:47:42 IST" duration-ms="1036" status="PASS">
          <reporter-output>
          </reporter-output>
        </test-method> <!-- classConfiguration -->
        <test-method is-config="true" signature="methodConfiguration()[pri:0, instance:testscripts.ThirdTest@dd8ba08]" started-at="2023-02-18T09:47:42 IST" name="methodConfiguration" finished-at="2023-02-18T09:47:49 IST" duration-ms="7076" status="PASS">
          <reporter-output>
          </reporter-output>
        </test-method> <!-- methodConfiguration -->
        <test-method signature="thirdTest()[pri:0, instance:testscripts.ThirdTest@dd8ba08]" started-at="2023-02-18T09:47:49 IST" name="thirdTest" finished-at="2023-02-18T09:48:04 IST" duration-ms="14945" status="PASS">
          <reporter-output>
          </reporter-output>
        </test-method> <!-- thirdTest -->
        <test-method is-config="true" signature="methodTeardown()[pri:0, instance:testscripts.ThirdTest@dd8ba08]" started-at="2023-02-18T09:48:04 IST" name="methodTeardown" finished-at="2023-02-18T09:48:04 IST" duration-ms="256" status="PASS">
          <reporter-output>
          </reporter-output>
        </test-method> <!-- methodTeardown -->
        <test-method is-config="true" signature="classTeardown()[pri:0, instance:testscripts.ThirdTest@dd8ba08]" started-at="2023-02-18T09:48:04 IST" name="classTeardown" finished-at="2023-02-18T09:48:04 IST" duration-ms="0" status="PASS">
          <reporter-output>
          </reporter-output>
        </test-method> <!-- classTeardown -->
      </class> <!-- testscripts.ThirdTest -->
    </test> <!-- Default test -->
  </suite> <!-- Default suite -->
</testng-results>
